[0.128s] DEBUG:colcon:Command line arguments: ['/usr/bin/colcon', 'build', '--packages-select', 'learning_tf2_py']
[0.129s] DEBUG:colcon:Parsed command line arguments: Namespace(log_base=None, log_level=None, verb_name='build', build_base='build', install_base='install', merge_install=False, symlink_install=False, test_result_base=None, continue_on_error=False, executor='parallel', parallel_workers=8, event_handlers=None, ignore_user_meta=False, metas=['./colcon.meta'], base_paths=['.'], packages_ignore=None, packages_ignore_regex=None, paths=None, packages_up_to=None, packages_up_to_regex=None, packages_above=None, packages_above_and_dependencies=None, packages_above_depth=None, packages_select_by_dep=None, packages_skip_by_dep=None, packages_skip_up_to=None, packages_select_build_failed=False, packages_skip_build_finished=False, packages_select_test_failures=False, packages_skip_test_passed=False, packages_select=['learning_tf2_py'], packages_skip=None, packages_select_regex=None, packages_skip_regex=None, packages_start=None, packages_end=None, allow_overriding=[], cmake_args=None, cmake_target=None, cmake_target_skip_unavailable=False, cmake_clean_cache=False, cmake_clean_first=False, cmake_force_configure=False, ament_cmake_args=None, catkin_cmake_args=None, catkin_skip_building_tests=False, mixin_files=None, mixin=None, verb_parser=<colcon_mixin.mixin.mixin_argument.MixinArgumentDecorator object at 0x74be190596c0>, verb_extension=<colcon_core.verb.build.BuildVerb object at 0x74be19059210>, main=<bound method BuildVerb.main of <colcon_core.verb.build.BuildVerb object at 0x74be19059210>>, mixin_verb=('build',))
[0.305s] Level 1:colcon.colcon_core.package_discovery:discover_packages(colcon_meta) check parameters
[0.306s] Level 1:colcon.colcon_core.package_discovery:discover_packages(recursive) check parameters
[0.306s] Level 1:colcon.colcon_core.package_discovery:discover_packages(ignore) check parameters
[0.306s] Level 1:colcon.colcon_core.package_discovery:discover_packages(path) check parameters
[0.306s] Level 1:colcon.colcon_core.package_discovery:discover_packages(colcon_meta) discover
[0.306s] Level 1:colcon.colcon_core.package_discovery:discover_packages(recursive) discover
[0.306s] INFO:colcon.colcon_core.package_discovery:Crawling recursively for packages in '/home/rivial/Desktop/ROS2/ros2_ws/src/learning_tf2_py'
[0.306s] Level 1:colcon.colcon_core.package_identification:_identify(.) by extensions ['ignore', 'ignore_ament_install']
[0.306s] Level 1:colcon.colcon_core.package_identification:_identify(.) by extension 'ignore'
[0.306s] Level 1:colcon.colcon_core.package_identification:_identify(.) by extension 'ignore_ament_install'
[0.306s] Level 1:colcon.colcon_core.package_identification:_identify(.) by extensions ['colcon_pkg']
[0.306s] Level 1:colcon.colcon_core.package_identification:_identify(.) by extension 'colcon_pkg'
[0.306s] Level 1:colcon.colcon_core.package_identification:_identify(.) by extensions ['colcon_meta']
[0.306s] Level 1:colcon.colcon_core.package_identification:_identify(.) by extension 'colcon_meta'
[0.306s] Level 1:colcon.colcon_core.package_identification:_identify(.) by extensions ['ros']
[0.306s] Level 1:colcon.colcon_core.package_identification:_identify(.) by extension 'ros'
[0.320s] DEBUG:colcon.colcon_core.package_identification:Package '.' with type 'ros.ament_python' and name 'learning_tf2_py'
[0.320s] Level 1:colcon.colcon_core.package_discovery:discover_packages(recursive) using defaults
[0.320s] Level 1:colcon.colcon_core.package_discovery:discover_packages(ignore) discover
[0.321s] Level 1:colcon.colcon_core.package_discovery:discover_packages(ignore) using defaults
[0.321s] Level 1:colcon.colcon_core.package_discovery:discover_packages(path) discover
[0.321s] Level 1:colcon.colcon_core.package_discovery:discover_packages(path) using defaults
[0.354s] Level 1:colcon.colcon_core.package_discovery:discover_packages(prefix_path) check parameters
[0.354s] Level 1:colcon.colcon_core.package_discovery:discover_packages(prefix_path) discover
[0.357s] DEBUG:colcon.colcon_installed_package_information.package_discovery:Found 313 installed packages in /opt/ros/humble
[0.359s] Level 1:colcon.colcon_core.package_discovery:discover_packages(prefix_path) using defaults
[0.407s] Level 5:colcon.colcon_core.verb:set package 'learning_tf2_py' build argument 'cmake_args' from command line to 'None'
[0.407s] Level 5:colcon.colcon_core.verb:set package 'learning_tf2_py' build argument 'cmake_target' from command line to 'None'
[0.407s] Level 5:colcon.colcon_core.verb:set package 'learning_tf2_py' build argument 'cmake_target_skip_unavailable' from command line to 'False'
[0.407s] Level 5:colcon.colcon_core.verb:set package 'learning_tf2_py' build argument 'cmake_clean_cache' from command line to 'False'
[0.407s] Level 5:colcon.colcon_core.verb:set package 'learning_tf2_py' build argument 'cmake_clean_first' from command line to 'False'
[0.407s] Level 5:colcon.colcon_core.verb:set package 'learning_tf2_py' build argument 'cmake_force_configure' from command line to 'False'
[0.407s] Level 5:colcon.colcon_core.verb:set package 'learning_tf2_py' build argument 'ament_cmake_args' from command line to 'None'
[0.407s] Level 5:colcon.colcon_core.verb:set package 'learning_tf2_py' build argument 'catkin_cmake_args' from command line to 'None'
[0.407s] Level 5:colcon.colcon_core.verb:set package 'learning_tf2_py' build argument 'catkin_skip_building_tests' from command line to 'False'
[0.407s] DEBUG:colcon.colcon_core.verb:Building package 'learning_tf2_py' with the following arguments: {'ament_cmake_args': None, 'build_base': '/home/rivial/Desktop/ROS2/ros2_ws/src/learning_tf2_py/build/learning_tf2_py', 'catkin_cmake_args': None, 'catkin_skip_building_tests': False, 'cmake_args': None, 'cmake_clean_cache': False, 'cmake_clean_first': False, 'cmake_force_configure': False, 'cmake_target': None, 'cmake_target_skip_unavailable': False, 'install_base': '/home/rivial/Desktop/ROS2/ros2_ws/src/learning_tf2_py/install/learning_tf2_py', 'merge_install': False, 'path': '/home/rivial/Desktop/ROS2/ros2_ws/src/learning_tf2_py', 'symlink_install': False, 'test_result_base': None}
[0.407s] INFO:colcon.colcon_core.executor:Executing jobs using 'parallel' executor
[0.408s] DEBUG:colcon.colcon_parallel_executor.executor.parallel:run_until_complete
[0.408s] INFO:colcon.colcon_ros.task.ament_python.build:Building ROS package in '/home/rivial/Desktop/ROS2/ros2_ws/src/learning_tf2_py' with build type 'ament_python'
[0.409s] Level 1:colcon.colcon_core.shell:create_environment_hook('learning_tf2_py', 'ament_prefix_path')
[0.410s] INFO:colcon.colcon_core.plugin_system:Skipping extension 'colcon_core.shell.bat': Not used on non-Windows systems
[0.411s] INFO:colcon.colcon_core.shell:Creating environment hook '/home/rivial/Desktop/ROS2/ros2_ws/src/learning_tf2_py/install/learning_tf2_py/share/learning_tf2_py/hook/ament_prefix_path.ps1'
[0.411s] INFO:colcon.colcon_core.shell:Creating environment descriptor '/home/rivial/Desktop/ROS2/ros2_ws/src/learning_tf2_py/install/learning_tf2_py/share/learning_tf2_py/hook/ament_prefix_path.dsv'
[0.412s] INFO:colcon.colcon_core.shell:Creating environment hook '/home/rivial/Desktop/ROS2/ros2_ws/src/learning_tf2_py/install/learning_tf2_py/share/learning_tf2_py/hook/ament_prefix_path.sh'
[0.412s] INFO:colcon.colcon_core.shell:Skip shell extension 'powershell' for command environment: Not usable outside of PowerShell
[0.412s] DEBUG:colcon.colcon_core.shell:Skip shell extension 'dsv' for command environment
[0.701s] INFO:colcon.colcon_core.task.python.build:Building Python package in '/home/rivial/Desktop/ROS2/ros2_ws/src/learning_tf2_py'
[0.702s] INFO:colcon.colcon_core.shell:Skip shell extension 'powershell' for command environment: Not usable outside of PowerShell
[0.702s] DEBUG:colcon.colcon_core.shell:Skip shell extension 'dsv' for command environment
[1.092s] DEBUG:colcon.colcon_core.event_handler.log_command:Invoking command in '/home/rivial/Desktop/ROS2/ros2_ws/src/learning_tf2_py': PYTHONPATH=/home/rivial/Desktop/ROS2/ros2_ws/src/learning_tf2_py/build/learning_tf2_py/prefix_override:/usr/lib/python3/dist-packages/colcon_core/task/python/colcon_distutils_commands:/home/rivial/Desktop/ROS2/ros2_ws/src/learning_tf2_py/install/learning_tf2_py/lib/python3.10/site-packages:${PYTHONPATH} /usr/bin/python3 -W ignore:setup.py install is deprecated -W ignore:easy_install command is deprecated setup.py egg_info --egg-base build/learning_tf2_py build --build-base /home/rivial/Desktop/ROS2/ros2_ws/src/learning_tf2_py/build/learning_tf2_py/build install --record /home/rivial/Desktop/ROS2/ros2_ws/src/learning_tf2_py/build/learning_tf2_py/install.log --single-version-externally-managed install_data
[1.408s] DEBUG:colcon.colcon_core.event_handler.log_command:Invoked command in '/home/rivial/Desktop/ROS2/ros2_ws/src/learning_tf2_py' returned '0': PYTHONPATH=/home/rivial/Desktop/ROS2/ros2_ws/src/learning_tf2_py/build/learning_tf2_py/prefix_override:/usr/lib/python3/dist-packages/colcon_core/task/python/colcon_distutils_commands:/home/rivial/Desktop/ROS2/ros2_ws/src/learning_tf2_py/install/learning_tf2_py/lib/python3.10/site-packages:${PYTHONPATH} /usr/bin/python3 -W ignore:setup.py install is deprecated -W ignore:easy_install command is deprecated setup.py egg_info --egg-base build/learning_tf2_py build --build-base /home/rivial/Desktop/ROS2/ros2_ws/src/learning_tf2_py/build/learning_tf2_py/build install --record /home/rivial/Desktop/ROS2/ros2_ws/src/learning_tf2_py/build/learning_tf2_py/install.log --single-version-externally-managed install_data
[1.410s] Level 1:colcon.colcon_core.environment:checking '/home/rivial/Desktop/ROS2/ros2_ws/src/learning_tf2_py/install/learning_tf2_py' for CMake module files
[1.411s] Level 1:colcon.colcon_core.environment:checking '/home/rivial/Desktop/ROS2/ros2_ws/src/learning_tf2_py/install/learning_tf2_py' for CMake config files
[1.411s] Level 1:colcon.colcon_core.environment:checking '/home/rivial/Desktop/ROS2/ros2_ws/src/learning_tf2_py/install/learning_tf2_py/lib'
[1.412s] Level 1:colcon.colcon_core.environment:checking '/home/rivial/Desktop/ROS2/ros2_ws/src/learning_tf2_py/install/learning_tf2_py/bin'
[1.412s] Level 1:colcon.colcon_core.environment:checking '/home/rivial/Desktop/ROS2/ros2_ws/src/learning_tf2_py/install/learning_tf2_py/lib/pkgconfig/learning_tf2_py.pc'
[1.412s] Level 1:colcon.colcon_core.environment:checking '/home/rivial/Desktop/ROS2/ros2_ws/src/learning_tf2_py/install/learning_tf2_py/lib/python3.10/site-packages'
[1.412s] Level 1:colcon.colcon_core.shell:create_environment_hook('learning_tf2_py', 'pythonpath')
[1.412s] INFO:colcon.colcon_core.shell:Creating environment hook '/home/rivial/Desktop/ROS2/ros2_ws/src/learning_tf2_py/install/learning_tf2_py/share/learning_tf2_py/hook/pythonpath.ps1'
[1.413s] INFO:colcon.colcon_core.shell:Creating environment descriptor '/home/rivial/Desktop/ROS2/ros2_ws/src/learning_tf2_py/install/learning_tf2_py/share/learning_tf2_py/hook/pythonpath.dsv'
[1.413s] INFO:colcon.colcon_core.shell:Creating environment hook '/home/rivial/Desktop/ROS2/ros2_ws/src/learning_tf2_py/install/learning_tf2_py/share/learning_tf2_py/hook/pythonpath.sh'
[1.414s] Level 1:colcon.colcon_core.environment:checking '/home/rivial/Desktop/ROS2/ros2_ws/src/learning_tf2_py/install/learning_tf2_py/bin'
[1.414s] Level 1:colcon.colcon_core.environment:create_environment_scripts_only(learning_tf2_py)
[1.414s] INFO:colcon.colcon_core.shell:Creating package script '/home/rivial/Desktop/ROS2/ros2_ws/src/learning_tf2_py/install/learning_tf2_py/share/learning_tf2_py/package.ps1'
[1.415s] INFO:colcon.colcon_core.shell:Creating package descriptor '/home/rivial/Desktop/ROS2/ros2_ws/src/learning_tf2_py/install/learning_tf2_py/share/learning_tf2_py/package.dsv'
[1.416s] INFO:colcon.colcon_core.shell:Creating package script '/home/rivial/Desktop/ROS2/ros2_ws/src/learning_tf2_py/install/learning_tf2_py/share/learning_tf2_py/package.sh'
[1.416s] INFO:colcon.colcon_core.shell:Creating package script '/home/rivial/Desktop/ROS2/ros2_ws/src/learning_tf2_py/install/learning_tf2_py/share/learning_tf2_py/package.bash'
[1.417s] INFO:colcon.colcon_core.shell:Creating package script '/home/rivial/Desktop/ROS2/ros2_ws/src/learning_tf2_py/install/learning_tf2_py/share/learning_tf2_py/package.zsh'
[1.418s] Level 1:colcon.colcon_core.environment:create_file_with_runtime_dependencies(/home/rivial/Desktop/ROS2/ros2_ws/src/learning_tf2_py/install/learning_tf2_py/share/colcon-core/packages/learning_tf2_py)
[1.418s] DEBUG:colcon.colcon_parallel_executor.executor.parallel:closing loop
[1.419s] DEBUG:colcon.colcon_parallel_executor.executor.parallel:loop closed
[1.419s] DEBUG:colcon.colcon_parallel_executor.executor.parallel:run_until_complete finished with '0'
[1.419s] DEBUG:colcon.colcon_core.event_reactor:joining thread
[1.425s] INFO:colcon.colcon_core.plugin_system:Skipping extension 'colcon_notification.desktop_notification.terminal_notifier': Not used on non-Darwin systems
[1.425s] INFO:colcon.colcon_core.plugin_system:Skipping extension 'colcon_notification.desktop_notification.win32': Not used on non-Windows systems
[1.425s] INFO:colcon.colcon_notification.desktop_notification:Sending desktop notification using 'notify2'
[1.438s] DEBUG:colcon.colcon_core.event_reactor:joined thread
[1.438s] INFO:colcon.colcon_core.shell:Creating prefix script '/home/rivial/Desktop/ROS2/ros2_ws/src/learning_tf2_py/install/local_setup.ps1'
[1.439s] INFO:colcon.colcon_core.shell:Creating prefix util module '/home/rivial/Desktop/ROS2/ros2_ws/src/learning_tf2_py/install/_local_setup_util_ps1.py'
[1.442s] INFO:colcon.colcon_core.shell:Creating prefix chain script '/home/rivial/Desktop/ROS2/ros2_ws/src/learning_tf2_py/install/setup.ps1'
[1.444s] INFO:colcon.colcon_core.shell:Creating prefix script '/home/rivial/Desktop/ROS2/ros2_ws/src/learning_tf2_py/install/local_setup.sh'
[1.444s] INFO:colcon.colcon_core.shell:Creating prefix util module '/home/rivial/Desktop/ROS2/ros2_ws/src/learning_tf2_py/install/_local_setup_util_sh.py'
[1.445s] INFO:colcon.colcon_core.shell:Creating prefix chain script '/home/rivial/Desktop/ROS2/ros2_ws/src/learning_tf2_py/install/setup.sh'
[1.446s] INFO:colcon.colcon_core.shell:Creating prefix script '/home/rivial/Desktop/ROS2/ros2_ws/src/learning_tf2_py/install/local_setup.bash'
[1.446s] INFO:colcon.colcon_core.shell:Creating prefix chain script '/home/rivial/Desktop/ROS2/ros2_ws/src/learning_tf2_py/install/setup.bash'
[1.447s] INFO:colcon.colcon_core.shell:Creating prefix script '/home/rivial/Desktop/ROS2/ros2_ws/src/learning_tf2_py/install/local_setup.zsh'
[1.448s] INFO:colcon.colcon_core.shell:Creating prefix chain script '/home/rivial/Desktop/ROS2/ros2_ws/src/learning_tf2_py/install/setup.zsh'
