[1.715s] Invoking command in '/home/rivial/Desktop/ROS2/ros2_ws/src/learning_tf2_py': PYTHONPATH=/home/rivial/Desktop/ROS2/ros2_ws/src/build/learning_tf2_py/prefix_override:/usr/lib/python3/dist-packages/colcon_core/task/python/colcon_distutils_commands:/home/rivial/Desktop/ROS2/ros2_ws/src/install/learning_tf2_py/lib/python3.10/site-packages:${PYTHONPATH} /usr/bin/python3 -W ignore:setup.py install is deprecated -W ignore:easy_install command is deprecated setup.py egg_info --egg-base ../build/learning_tf2_py build --build-base /home/rivial/Desktop/ROS2/ros2_ws/src/build/learning_tf2_py/build install --record /home/rivial/Desktop/ROS2/ros2_ws/src/build/learning_tf2_py/install.log --single-version-externally-managed install_data
[2.008s] running egg_info
[2.009s] creating ../build/learning_tf2_py/learning_tf2_py.egg-info
[2.009s] writing ../build/learning_tf2_py/learning_tf2_py.egg-info/PKG-INFO
[2.009s] writing dependency_links to ../build/learning_tf2_py/learning_tf2_py.egg-info/dependency_links.txt
[2.009s] writing entry points to ../build/learning_tf2_py/learning_tf2_py.egg-info/entry_points.txt
[2.010s] writing requirements to ../build/learning_tf2_py/learning_tf2_py.egg-info/requires.txt
[2.010s] writing top-level names to ../build/learning_tf2_py/learning_tf2_py.egg-info/top_level.txt
[2.010s] writing manifest file '../build/learning_tf2_py/learning_tf2_py.egg-info/SOURCES.txt'
[2.013s] reading manifest file '../build/learning_tf2_py/learning_tf2_py.egg-info/SOURCES.txt'
[2.013s] adding license file 'LICENSE'
[2.015s] writing manifest file '../build/learning_tf2_py/learning_tf2_py.egg-info/SOURCES.txt'
[2.015s] running build
[2.015s] running build_py
[2.015s] creating /home/rivial/Desktop/ROS2/ros2_ws/src/build/learning_tf2_py/build
[2.016s] creating /home/rivial/Desktop/ROS2/ros2_ws/src/build/learning_tf2_py/build/lib
[2.016s] creating /home/rivial/Desktop/ROS2/ros2_ws/src/build/learning_tf2_py/build/lib/learning_tf2_py
[2.016s] copying learning_tf2_py/static_turtle_tf2_broadcaster.py -> /home/rivial/Desktop/ROS2/ros2_ws/src/build/learning_tf2_py/build/lib/learning_tf2_py
[2.016s] copying learning_tf2_py/__init__.py -> /home/rivial/Desktop/ROS2/ros2_ws/src/build/learning_tf2_py/build/lib/learning_tf2_py
[2.016s] running install
[2.017s] running install_lib
[2.017s] creating /home/rivial/Desktop/ROS2/ros2_ws/src/install/learning_tf2_py/lib/python3.10/site-packages/learning_tf2_py
[2.017s] copying /home/rivial/Desktop/ROS2/ros2_ws/src/build/learning_tf2_py/build/lib/learning_tf2_py/static_turtle_tf2_broadcaster.py -> /home/rivial/Desktop/ROS2/ros2_ws/src/install/learning_tf2_py/lib/python3.10/site-packages/learning_tf2_py
[2.018s] copying /home/rivial/Desktop/ROS2/ros2_ws/src/build/learning_tf2_py/build/lib/learning_tf2_py/__init__.py -> /home/rivial/Desktop/ROS2/ros2_ws/src/install/learning_tf2_py/lib/python3.10/site-packages/learning_tf2_py
[2.018s] byte-compiling /home/rivial/Desktop/ROS2/ros2_ws/src/install/learning_tf2_py/lib/python3.10/site-packages/learning_tf2_py/static_turtle_tf2_broadcaster.py to static_turtle_tf2_broadcaster.cpython-310.pyc
[2.018s] byte-compiling /home/rivial/Desktop/ROS2/ros2_ws/src/install/learning_tf2_py/lib/python3.10/site-packages/learning_tf2_py/__init__.py to __init__.cpython-310.pyc
[2.019s] running install_data
[2.019s] creating /home/rivial/Desktop/ROS2/ros2_ws/src/install/learning_tf2_py/share/ament_index
[2.019s] creating /home/rivial/Desktop/ROS2/ros2_ws/src/install/learning_tf2_py/share/ament_index/resource_index
[2.019s] creating /home/rivial/Desktop/ROS2/ros2_ws/src/install/learning_tf2_py/share/ament_index/resource_index/packages
[2.019s] copying resource/learning_tf2_py -> /home/rivial/Desktop/ROS2/ros2_ws/src/install/learning_tf2_py/share/ament_index/resource_index/packages
[2.019s] copying package.xml -> /home/rivial/Desktop/ROS2/ros2_ws/src/install/learning_tf2_py/share/learning_tf2_py
[2.020s] running install_egg_info
[2.022s] Copying ../build/learning_tf2_py/learning_tf2_py.egg-info to /home/rivial/Desktop/ROS2/ros2_ws/src/install/learning_tf2_py/lib/python3.10/site-packages/learning_tf2_py-0.0.0-py3.10.egg-info
[2.023s] running install_scripts
[2.050s] Installing static_turtle_tf2_broadcaster script to /home/rivial/Desktop/ROS2/ros2_ws/src/install/learning_tf2_py/lib/learning_tf2_py
[2.050s] writing list of installed files to '/home/rivial/Desktop/ROS2/ros2_ws/src/build/learning_tf2_py/install.log'
[2.099s] Invoked command in '/home/rivial/Desktop/ROS2/ros2_ws/src/learning_tf2_py' returned '0': PYTHONPATH=/home/rivial/Desktop/ROS2/ros2_ws/src/build/learning_tf2_py/prefix_override:/usr/lib/python3/dist-packages/colcon_core/task/python/colcon_distutils_commands:/home/rivial/Desktop/ROS2/ros2_ws/src/install/learning_tf2_py/lib/python3.10/site-packages:${PYTHONPATH} /usr/bin/python3 -W ignore:setup.py install is deprecated -W ignore:easy_install command is deprecated setup.py egg_info --egg-base ../build/learning_tf2_py build --build-base /home/rivial/Desktop/ROS2/ros2_ws/src/build/learning_tf2_py/build install --record /home/rivial/Desktop/ROS2/ros2_ws/src/build/learning_tf2_py/install.log --single-version-externally-managed install_data
