[0.703s] Invoking command in '/home/rivial/Desktop/ROS2/ros2_ws/src/build/my_urdf_pkg': CMAKE_PREFIX_PATH=/opt/ros/humble /usr/bin/cmake /home/rivial/Desktop/ROS2/ros2_ws/src/my_urdf_pkg -DCMAKE_INSTALL_PREFIX=/home/rivial/Desktop/ROS2/ros2_ws/src/install/my_urdf_pkg
[0.768s] -- The C compiler identification is GNU 11.4.0
[0.861s] -- The CXX compiler identification is GNU 11.4.0
[0.871s] -- Detecting C compiler ABI info
[0.972s] -- Detecting C compiler ABI info - done
[0.986s] -- Check for working C compiler: /usr/bin/cc - skipped
[0.987s] -- Detecting C compile features
[0.988s] -- Detecting C compile features - done
[0.992s] -- Detecting CXX compiler ABI info
[1.117s] -- Detecting CXX compiler ABI info - done
[1.132s] -- Check for working CXX compiler: /usr/bin/c++ - skipped
[1.132s] -- Detecting CXX compile features
[1.133s] -- Detecting CXX compile features - done
[1.138s] -- Found ament_cmake: 1.3.11 (/opt/ros/humble/share/ament_cmake/cmake)
[1.364s] -- Found Python3: /usr/bin/python3 (found version "3.10.12") found components: Interpreter 
[1.510s] -- Found ament_lint_auto: 0.12.11 (/opt/ros/humble/share/ament_lint_auto/cmake)
[1.628s] -- Configuring done
[1.636s] -- Generating done
[1.642s] -- Build files have been written to: /home/rivial/Desktop/ROS2/ros2_ws/src/build/my_urdf_pkg
[1.652s] Invoked command in '/home/rivial/Desktop/ROS2/ros2_ws/src/build/my_urdf_pkg' returned '0': CMAKE_PREFIX_PATH=/opt/ros/humble /usr/bin/cmake /home/rivial/Desktop/ROS2/ros2_ws/src/my_urdf_pkg -DCMAKE_INSTALL_PREFIX=/home/rivial/Desktop/ROS2/ros2_ws/src/install/my_urdf_pkg
[1.659s] Invoking command in '/home/rivial/Desktop/ROS2/ros2_ws/src/build/my_urdf_pkg': CMAKE_PREFIX_PATH=/opt/ros/humble /usr/bin/cmake --build /home/rivial/Desktop/ROS2/ros2_ws/src/build/my_urdf_pkg -- -j8 -l8
[1.726s] Invoked command in '/home/rivial/Desktop/ROS2/ros2_ws/src/build/my_urdf_pkg' returned '0': CMAKE_PREFIX_PATH=/opt/ros/humble /usr/bin/cmake --build /home/rivial/Desktop/ROS2/ros2_ws/src/build/my_urdf_pkg -- -j8 -l8
[1.742s] Invoking command in '/home/rivial/Desktop/ROS2/ros2_ws/src/build/my_urdf_pkg': CMAKE_PREFIX_PATH=/opt/ros/humble /usr/bin/cmake --install /home/rivial/Desktop/ROS2/ros2_ws/src/build/my_urdf_pkg
[1.753s] -- Install configuration: ""
[1.753s] -- Installing: /home/rivial/Desktop/ROS2/ros2_ws/src/install/my_urdf_pkg/share/my_urdf_pkg/launch
[1.753s] -- Installing: /home/rivial/Desktop/ROS2/ros2_ws/src/install/my_urdf_pkg/share/my_urdf_pkg/launch/display.launch.py
[1.754s] -- Installing: /home/rivial/Desktop/ROS2/ros2_ws/src/install/my_urdf_pkg/share/my_urdf_pkg/rviz
[1.754s] -- Installing: /home/rivial/Desktop/ROS2/ros2_ws/src/install/my_urdf_pkg/share/my_urdf_pkg/rviz/urdf.rviz
[1.754s] -- Installing: /home/rivial/Desktop/ROS2/ros2_ws/src/install/my_urdf_pkg/share/my_urdf_pkg/urdf
[1.754s] -- Installing: /home/rivial/Desktop/ROS2/ros2_ws/src/install/my_urdf_pkg/share/my_urdf_pkg/urdf/manipulator_model.urdf
[1.755s] -- Installing: /home/rivial/Desktop/ROS2/ros2_ws/src/install/my_urdf_pkg/share/ament_index/resource_index/package_run_dependencies/my_urdf_pkg
[1.755s] -- Installing: /home/rivial/Desktop/ROS2/ros2_ws/src/install/my_urdf_pkg/share/ament_index/resource_index/parent_prefix_path/my_urdf_pkg
[1.755s] -- Installing: /home/rivial/Desktop/ROS2/ros2_ws/src/install/my_urdf_pkg/share/my_urdf_pkg/environment/ament_prefix_path.sh
[1.755s] -- Installing: /home/rivial/Desktop/ROS2/ros2_ws/src/install/my_urdf_pkg/share/my_urdf_pkg/environment/ament_prefix_path.dsv
[1.755s] -- Installing: /home/rivial/Desktop/ROS2/ros2_ws/src/install/my_urdf_pkg/share/my_urdf_pkg/environment/path.sh
[1.755s] -- Installing: /home/rivial/Desktop/ROS2/ros2_ws/src/install/my_urdf_pkg/share/my_urdf_pkg/environment/path.dsv
[1.756s] -- Installing: /home/rivial/Desktop/ROS2/ros2_ws/src/install/my_urdf_pkg/share/my_urdf_pkg/local_setup.bash
[1.756s] -- Installing: /home/rivial/Desktop/ROS2/ros2_ws/src/install/my_urdf_pkg/share/my_urdf_pkg/local_setup.sh
[1.756s] -- Installing: /home/rivial/Desktop/ROS2/ros2_ws/src/install/my_urdf_pkg/share/my_urdf_pkg/local_setup.zsh
[1.756s] -- Installing: /home/rivial/Desktop/ROS2/ros2_ws/src/install/my_urdf_pkg/share/my_urdf_pkg/local_setup.dsv
[1.756s] -- Installing: /home/rivial/Desktop/ROS2/ros2_ws/src/install/my_urdf_pkg/share/my_urdf_pkg/package.dsv
[1.757s] -- Installing: /home/rivial/Desktop/ROS2/ros2_ws/src/install/my_urdf_pkg/share/ament_index/resource_index/packages/my_urdf_pkg
[1.757s] -- Installing: /home/rivial/Desktop/ROS2/ros2_ws/src/install/my_urdf_pkg/share/my_urdf_pkg/cmake/my_urdf_pkgConfig.cmake
[1.757s] -- Installing: /home/rivial/Desktop/ROS2/ros2_ws/src/install/my_urdf_pkg/share/my_urdf_pkg/cmake/my_urdf_pkgConfig-version.cmake
[1.757s] -- Installing: /home/rivial/Desktop/ROS2/ros2_ws/src/install/my_urdf_pkg/share/my_urdf_pkg/package.xml
[1.760s] Invoked command in '/home/rivial/Desktop/ROS2/ros2_ws/src/build/my_urdf_pkg' returned '0': CMAKE_PREFIX_PATH=/opt/ros/humble /usr/bin/cmake --install /home/rivial/Desktop/ROS2/ros2_ws/src/build/my_urdf_pkg
