[1.708s] Invoking command in '/home/rivial/Desktop/ROS2/ros2_ws/src/for_kin': PYTHONPATH=/home/rivial/Desktop/ROS2/ros2_ws/src/build/for_kin/prefix_override:/usr/lib/python3/dist-packages/colcon_core/task/python/colcon_distutils_commands:/home/rivial/Desktop/ROS2/ros2_ws/src/install/for_kin/lib/python3.10/site-packages:${PYTHONPATH} /usr/bin/python3 -W ignore:setup.py install is deprecated -W ignore:easy_install command is deprecated setup.py egg_info --egg-base ../build/for_kin build --build-base /home/rivial/Desktop/ROS2/ros2_ws/src/build/for_kin/build install --record /home/rivial/Desktop/ROS2/ros2_ws/src/build/for_kin/install.log --single-version-externally-managed install_data
[2.030s] running egg_info
[2.031s] creating ../build/for_kin/for_kin.egg-info
[2.031s] writing ../build/for_kin/for_kin.egg-info/PKG-INFO
[2.032s] writing dependency_links to ../build/for_kin/for_kin.egg-info/dependency_links.txt
[2.032s] writing entry points to ../build/for_kin/for_kin.egg-info/entry_points.txt
[2.032s] writing requirements to ../build/for_kin/for_kin.egg-info/requires.txt
[2.032s] writing top-level names to ../build/for_kin/for_kin.egg-info/top_level.txt
[2.033s] writing manifest file '../build/for_kin/for_kin.egg-info/SOURCES.txt'
[2.035s] reading manifest file '../build/for_kin/for_kin.egg-info/SOURCES.txt'
[2.037s] writing manifest file '../build/for_kin/for_kin.egg-info/SOURCES.txt'
[2.037s] running build
[2.037s] running build_py
[2.037s] creating /home/rivial/Desktop/ROS2/ros2_ws/src/build/for_kin/build
[2.037s] creating /home/rivial/Desktop/ROS2/ros2_ws/src/build/for_kin/build/lib
[2.038s] creating /home/rivial/Desktop/ROS2/ros2_ws/src/build/for_kin/build/lib/for_kin
[2.038s] copying for_kin/__init__.py -> /home/rivial/Desktop/ROS2/ros2_ws/src/build/for_kin/build/lib/for_kin
[2.038s] copying for_kin/ForwardKin.py -> /home/rivial/Desktop/ROS2/ros2_ws/src/build/for_kin/build/lib/for_kin
[2.038s] running install
[2.038s] running install_lib
[2.039s] creating /home/rivial/Desktop/ROS2/ros2_ws/src/install/for_kin/lib/python3.10/site-packages/for_kin
[2.039s] copying /home/rivial/Desktop/ROS2/ros2_ws/src/build/for_kin/build/lib/for_kin/__init__.py -> /home/rivial/Desktop/ROS2/ros2_ws/src/install/for_kin/lib/python3.10/site-packages/for_kin
[2.040s] copying /home/rivial/Desktop/ROS2/ros2_ws/src/build/for_kin/build/lib/for_kin/ForwardKin.py -> /home/rivial/Desktop/ROS2/ros2_ws/src/install/for_kin/lib/python3.10/site-packages/for_kin
[2.040s] byte-compiling /home/rivial/Desktop/ROS2/ros2_ws/src/install/for_kin/lib/python3.10/site-packages/for_kin/__init__.py to __init__.cpython-310.pyc
[2.040s] byte-compiling /home/rivial/Desktop/ROS2/ros2_ws/src/install/for_kin/lib/python3.10/site-packages/for_kin/ForwardKin.py to ForwardKin.cpython-310.pyc
[2.041s] running install_data
[2.041s] creating /home/rivial/Desktop/ROS2/ros2_ws/src/install/for_kin/share/ament_index
[2.041s] creating /home/rivial/Desktop/ROS2/ros2_ws/src/install/for_kin/share/ament_index/resource_index
[2.041s] creating /home/rivial/Desktop/ROS2/ros2_ws/src/install/for_kin/share/ament_index/resource_index/packages
[2.041s] copying resource/for_kin -> /home/rivial/Desktop/ROS2/ros2_ws/src/install/for_kin/share/ament_index/resource_index/packages
[2.042s] copying package.xml -> /home/rivial/Desktop/ROS2/ros2_ws/src/install/for_kin/share/for_kin
[2.042s] running install_egg_info
[2.045s] Copying ../build/for_kin/for_kin.egg-info to /home/rivial/Desktop/ROS2/ros2_ws/src/install/for_kin/lib/python3.10/site-packages/for_kin-0.0.0-py3.10.egg-info
[2.046s] running install_scripts
[2.073s] Installing ForwardKin script to /home/rivial/Desktop/ROS2/ros2_ws/src/install/for_kin/lib/for_kin
[2.074s] writing list of installed files to '/home/rivial/Desktop/ROS2/ros2_ws/src/build/for_kin/install.log'
[2.132s] Invoked command in '/home/rivial/Desktop/ROS2/ros2_ws/src/for_kin' returned '0': PYTHONPATH=/home/rivial/Desktop/ROS2/ros2_ws/src/build/for_kin/prefix_override:/usr/lib/python3/dist-packages/colcon_core/task/python/colcon_distutils_commands:/home/rivial/Desktop/ROS2/ros2_ws/src/install/for_kin/lib/python3.10/site-packages:${PYTHONPATH} /usr/bin/python3 -W ignore:setup.py install is deprecated -W ignore:easy_install command is deprecated setup.py egg_info --egg-base ../build/for_kin build --build-base /home/rivial/Desktop/ROS2/ros2_ws/src/build/for_kin/build install --record /home/rivial/Desktop/ROS2/ros2_ws/src/build/for_kin/install.log --single-version-externally-managed install_data
