[0.683s] Invoking command in '/home/rivial/Desktop/ROS2/ros2_ws/src/learning_tf2_py': PYTHONPATH=/home/rivial/Desktop/ROS2/ros2_ws/src/learning_tf2_py/build/learning_tf2_py/prefix_override:/usr/lib/python3/dist-packages/colcon_core/task/python/colcon_distutils_commands:/home/rivial/Desktop/ROS2/ros2_ws/src/learning_tf2_py/install/learning_tf2_py/lib/python3.10/site-packages:${PYTHONPATH} /usr/bin/python3 -W ignore:setup.py install is deprecated -W ignore:easy_install command is deprecated setup.py egg_info --egg-base build/learning_tf2_py build --build-base /home/rivial/Desktop/ROS2/ros2_ws/src/learning_tf2_py/build/learning_tf2_py/build install --record /home/rivial/Desktop/ROS2/ros2_ws/src/learning_tf2_py/build/learning_tf2_py/install.log --single-version-externally-managed install_data
[0.940s] running egg_info
[0.941s] creating build/learning_tf2_py/learning_tf2_py.egg-info
[0.941s] writing build/learning_tf2_py/learning_tf2_py.egg-info/PKG-INFO
[0.941s] writing dependency_links to build/learning_tf2_py/learning_tf2_py.egg-info/dependency_links.txt
[0.942s] writing entry points to build/learning_tf2_py/learning_tf2_py.egg-info/entry_points.txt
[0.942s] writing requirements to build/learning_tf2_py/learning_tf2_py.egg-info/requires.txt
[0.942s] writing top-level names to build/learning_tf2_py/learning_tf2_py.egg-info/top_level.txt
[0.942s] writing manifest file 'build/learning_tf2_py/learning_tf2_py.egg-info/SOURCES.txt'
[0.944s] reading manifest file 'build/learning_tf2_py/learning_tf2_py.egg-info/SOURCES.txt'
[0.945s] adding license file 'LICENSE'
[0.945s] writing manifest file 'build/learning_tf2_py/learning_tf2_py.egg-info/SOURCES.txt'
[0.945s] running build
[0.946s] running build_py
[0.946s] creating /home/rivial/Desktop/ROS2/ros2_ws/src/learning_tf2_py/build/learning_tf2_py/build
[0.946s] creating /home/rivial/Desktop/ROS2/ros2_ws/src/learning_tf2_py/build/learning_tf2_py/build/lib
[0.946s] creating /home/rivial/Desktop/ROS2/ros2_ws/src/learning_tf2_py/build/learning_tf2_py/build/lib/learning_tf2_py
[0.946s] copying learning_tf2_py/__init__.py -> /home/rivial/Desktop/ROS2/ros2_ws/src/learning_tf2_py/build/learning_tf2_py/build/lib/learning_tf2_py
[0.946s] running install
[0.946s] running install_lib
[0.947s] creating /home/rivial/Desktop/ROS2/ros2_ws/src/learning_tf2_py/install/learning_tf2_py/lib/python3.10/site-packages/learning_tf2_py
[0.947s] copying /home/rivial/Desktop/ROS2/ros2_ws/src/learning_tf2_py/build/learning_tf2_py/build/lib/learning_tf2_py/__init__.py -> /home/rivial/Desktop/ROS2/ros2_ws/src/learning_tf2_py/install/learning_tf2_py/lib/python3.10/site-packages/learning_tf2_py
[0.948s] byte-compiling /home/rivial/Desktop/ROS2/ros2_ws/src/learning_tf2_py/install/learning_tf2_py/lib/python3.10/site-packages/learning_tf2_py/__init__.py to __init__.cpython-310.pyc
[0.948s] running install_data
[0.948s] creating /home/rivial/Desktop/ROS2/ros2_ws/src/learning_tf2_py/install/learning_tf2_py/share/ament_index
[0.948s] creating /home/rivial/Desktop/ROS2/ros2_ws/src/learning_tf2_py/install/learning_tf2_py/share/ament_index/resource_index
[0.948s] creating /home/rivial/Desktop/ROS2/ros2_ws/src/learning_tf2_py/install/learning_tf2_py/share/ament_index/resource_index/packages
[0.948s] copying resource/learning_tf2_py -> /home/rivial/Desktop/ROS2/ros2_ws/src/learning_tf2_py/install/learning_tf2_py/share/ament_index/resource_index/packages
[0.948s] copying package.xml -> /home/rivial/Desktop/ROS2/ros2_ws/src/learning_tf2_py/install/learning_tf2_py/share/learning_tf2_py
[0.949s] running install_egg_info
[0.951s] Copying build/learning_tf2_py/learning_tf2_py.egg-info to /home/rivial/Desktop/ROS2/ros2_ws/src/learning_tf2_py/install/learning_tf2_py/lib/python3.10/site-packages/learning_tf2_py-0.0.0-py3.10.egg-info
[0.952s] running install_scripts
[0.973s] Installing static_turtle_tf2_broadcaster script to /home/rivial/Desktop/ROS2/ros2_ws/src/learning_tf2_py/install/learning_tf2_py/lib/learning_tf2_py
[0.973s] writing list of installed files to '/home/rivial/Desktop/ROS2/ros2_ws/src/learning_tf2_py/build/learning_tf2_py/install.log'
[0.999s] Invoked command in '/home/rivial/Desktop/ROS2/ros2_ws/src/learning_tf2_py' returned '0': PYTHONPATH=/home/rivial/Desktop/ROS2/ros2_ws/src/learning_tf2_py/build/learning_tf2_py/prefix_override:/usr/lib/python3/dist-packages/colcon_core/task/python/colcon_distutils_commands:/home/rivial/Desktop/ROS2/ros2_ws/src/learning_tf2_py/install/learning_tf2_py/lib/python3.10/site-packages:${PYTHONPATH} /usr/bin/python3 -W ignore:setup.py install is deprecated -W ignore:easy_install command is deprecated setup.py egg_info --egg-base build/learning_tf2_py build --build-base /home/rivial/Desktop/ROS2/ros2_ws/src/learning_tf2_py/build/learning_tf2_py/build install --record /home/rivial/Desktop/ROS2/ros2_ws/src/learning_tf2_py/build/learning_tf2_py/install.log --single-version-externally-managed install_data
